[debug] [2019-03-23T08:50:28.310Z] ----------------------------------------------------------------------
[debug] [2019-03-23T08:50:28.314Z] Command:       /usr/local/bin/node /Users/irfanmaulanasam/.npm-global/bin/firebase serve
[debug] [2019-03-23T08:50:28.314Z] CLI Version:   6.5.0
[debug] [2019-03-23T08:50:28.315Z] Platform:      darwin
[debug] [2019-03-23T08:50:28.315Z] Node Version:  v10.15.3
[debug] [2019-03-23T08:50:28.315Z] Time:          Sat Mar 23 2019 15:50:28 GMT+0700 (Western Indonesia Time)
[debug] [2019-03-23T08:50:28.316Z] ----------------------------------------------------------------------
[debug] 
[debug] [2019-03-23T08:50:28.335Z] > command requires scopes: ["email","openid","https://www.googleapis.com/auth/cloudplatformprojects.readonly","https://www.googleapis.com/auth/firebase","https://www.googleapis.com/auth/cloud-platform"]
[debug] [2019-03-23T08:50:28.336Z] > authorizing via signed-in user
[debug] [2019-03-23T08:50:28.336Z] [iam] checking project kanban-39a57 for permissions ["firebase.projects.get"]
[debug] [2019-03-23T08:50:28.340Z] >>> HTTP REQUEST POST https://cloudresourcemanager.googleapis.com/v1/projects/kanban-39a57:testIamPermissions  

[debug] [2019-03-23T08:50:30.076Z] <<< HTTP RESPONSE 200
[debug] [2019-03-23T08:50:30.079Z] >>> HTTP REQUEST GET https://cloudresourcemanager.googleapis.com/v1/projects/kanban-39a57  
 
[debug] [2019-03-23T08:50:31.810Z] <<< HTTP RESPONSE 200
[info] 
[info] === Serving from '/Users/irfanmaulanasam/Documents/boldfox/week7/portfolio/kanban'...
[info] 
[debug] [2019-03-23T08:50:31.814Z] >>> HTTP REQUEST GET https://mobilesdk-pa.googleapis.com/v1/projects/499016650372/clients/_:getWebAppConfig  
 
[debug] [2019-03-23T08:50:32.251Z] <<< HTTP RESPONSE 200
[info] i  hosting: Serving hosting files from: public
[info] ✔  hosting: Local server: http://localhost:5000
